Current path=/home/d_korostelev/Projects/super_resolution/NEW_ESRGAN/src/runners/glass/1x_2x_stage1
node=gpuserv
nproc=72
nvcc: NVIDIA (R) Cuda compiler driver
Copyright (c) 2005-2022 NVIDIA Corporation
Built on Wed_Jun__8_16:49:14_PDT_2022
Cuda compilation tools, release 11.7, V11.7.99
Build cuda_11.7.r11.7/compiler.31442593_0
4188
/home/d_korostelev/Projects/super_resolution/NEW_ESRGAN/src/runners/glass/1x_2x_stage1
gpuserv
4

Thu May  4 22:43:37 2023       
+-----------------------------------------------------------------------------+
| NVIDIA-SMI 515.65.01    Driver Version: 515.65.01    CUDA Version: 11.7     |
|-------------------------------+----------------------+----------------------+
| GPU  Name        Persistence-M| Bus-Id        Disp.A | Volatile Uncorr. ECC |
| Fan  Temp  Perf  Pwr:Usage/Cap|         Memory-Usage | GPU-Util  Compute M. |
|                               |                      |               MIG M. |
|===============================+======================+======================|
|   0  Tesla V100-PCIE...  On   | 00000000:61:00.0 Off |                    0 |
| N/A   36C    P0    26W / 250W |      0MiB / 16384MiB |      0%      Default |
|                               |                      |                  N/A |
+-------------------------------+----------------------+----------------------+
|   1  Tesla V100-PCIE...  On   | 00000000:DB:00.0 Off |                    0 |
| N/A   37C    P0    25W / 250W |      0MiB / 16384MiB |      0%      Default |
|                               |                      |                  N/A |
+-------------------------------+----------------------+----------------------+
                                                                               
+-----------------------------------------------------------------------------+
| Processes:                                                                  |
|  GPU   GI   CI        PID   Type   Process name                  GPU Memory |
|        ID   ID                                                   Usage      |
|=============================================================================|
|  No running processes found                                                 |
+-----------------------------------------------------------------------------+
Disable distributed.
pretrain_network path will be ignored during resuming.
Set pretrain_network_g to /home/d_korostelev/Projects/super_resolution/NEW_ESRGAN/src/experiments/resnet_1x_2x_stage1_exp0/models/net_g_150000.pth
Set param_key_g to params
